[2025-11-25T09:39:11.922+0000] {manager.py:483} INFO - Processing files using up to 2 processes at a time 
[2025-11-25T09:39:11.923+0000] {manager.py:484} INFO - Process each file at most once every 30 seconds
[2025-11-25T09:39:11.923+0000] {manager.py:485} INFO - Checking for new files in /opt/airflow/dags every 300 seconds
[2025-11-25T09:39:11.923+0000] {manager.py:821} INFO - Searching for files in /opt/airflow/dags
[2025-11-25T09:39:11.935+0000] {manager.py:824} INFO - There are 0 files in /opt/airflow/dags
[2025-11-25T09:44:12.477+0000] {manager.py:821} INFO - Searching for files in /opt/airflow/dags
[2025-11-25T09:44:12.479+0000] {manager.py:824} INFO - There are 0 files in /opt/airflow/dags
[2025-11-25T09:49:12.882+0000] {manager.py:821} INFO - Searching for files in /opt/airflow/dags
[2025-11-25T09:49:12.883+0000] {manager.py:824} INFO - There are 0 files in /opt/airflow/dags
[2025-11-25T09:54:13.284+0000] {manager.py:821} INFO - Searching for files in /opt/airflow/dags
[2025-11-25T09:54:13.285+0000] {manager.py:824} INFO - There are 0 files in /opt/airflow/dags
[2025-11-25T09:59:13.710+0000] {manager.py:821} INFO - Searching for files in /opt/airflow/dags
[2025-11-25T09:59:13.711+0000] {manager.py:824} INFO - There are 0 files in /opt/airflow/dags
[2025-11-25T10:04:14.112+0000] {manager.py:821} INFO - Searching for files in /opt/airflow/dags
[2025-11-25T10:04:14.112+0000] {manager.py:824} INFO - There are 0 files in /opt/airflow/dags
[2025-11-25T10:09:14.525+0000] {manager.py:821} INFO - Searching for files in /opt/airflow/dags
[2025-11-25T10:09:14.525+0000] {manager.py:824} INFO - There are 0 files in /opt/airflow/dags
[2025-11-25T10:14:14.922+0000] {manager.py:821} INFO - Searching for files in /opt/airflow/dags
[2025-11-25T10:14:14.922+0000] {manager.py:824} INFO - There are 0 files in /opt/airflow/dags
[2025-11-25T10:19:15.344+0000] {manager.py:821} INFO - Searching for files in /opt/airflow/dags
[2025-11-25T10:19:15.345+0000] {manager.py:824} INFO - There are 0 files in /opt/airflow/dags
[2025-11-25T10:24:15.740+0000] {manager.py:821} INFO - Searching for files in /opt/airflow/dags
[2025-11-25T10:24:15.741+0000] {manager.py:824} INFO - There are 0 files in /opt/airflow/dags
